Started by user INF335
Lightweight checkout support not available, falling back to full checkout.
Checking out git https://github.com/richardpinheiro89/prova1 into /var/lib/jenkins/workspace/inf335-prova1@script/fd314b23278c5b4ebb0a8adf1762af05b07eed6c17c8a2e474499f6cfe47517d to read Jenkinsfile
The recommended git tool is: NONE
using credential 9b2f3312-7e31-45e4-878e-8d3c514ae236
 > git rev-parse --resolve-git-dir /var/lib/jenkins/workspace/inf335-prova1@script/fd314b23278c5b4ebb0a8adf1762af05b07eed6c17c8a2e474499f6cfe47517d/.git # timeout=10
Fetching changes from the remote Git repository
 > git config remote.origin.url https://github.com/richardpinheiro89/prova1 # timeout=10
Fetching upstream changes from https://github.com/richardpinheiro89/prova1
 > git --version # timeout=10
 > git --version # 'git version 2.32.0'
using GIT_ASKPASS to set credentials minha prova
 > git fetch --tags --force --progress -- https://github.com/richardpinheiro89/prova1 +refs/heads/*:refs/remotes/origin/* # timeout=10
Seen branch in repository origin/main
Seen 1 remote branch
 > git show-ref --tags -d # timeout=10
Checking out Revision d30034d25dbb7f28d4fac5cab928efe585620aa7 (origin/main)
 > git config core.sparsecheckout # timeout=10
 > git checkout -f d30034d25dbb7f28d4fac5cab928efe585620aa7 # timeout=10
Commit message: "Create Jenkinsfile"
 > git rev-list --no-walk 1625722656b01fde8ceaa7491a877af54e33a059 # timeout=10
[Pipeline] Start of Pipeline
[Pipeline] node
Running on Jenkins in /var/lib/jenkins/workspace/inf335-prova1
[Pipeline] {
[Pipeline] stage
[Pipeline] { (Declarative: Checkout SCM)
[Pipeline] checkout
The recommended git tool is: NONE
using credential 9b2f3312-7e31-45e4-878e-8d3c514ae236
 > git rev-parse --resolve-git-dir /var/lib/jenkins/workspace/inf335-prova1/.git # timeout=10
Fetching changes from the remote Git repository
 > git config remote.origin.url https://github.com/richardpinheiro89/prova1 # timeout=10
Fetching upstream changes from https://github.com/richardpinheiro89/prova1
 > git --version # timeout=10
 > git --version # 'git version 2.32.0'
using GIT_ASKPASS to set credentials minha prova
 > git fetch --tags --force --progress -- https://github.com/richardpinheiro89/prova1 +refs/heads/*:refs/remotes/origin/* # timeout=10
Seen branch in repository origin/main
Seen 1 remote branch
 > git show-ref --tags -d # timeout=10
Checking out Revision d30034d25dbb7f28d4fac5cab928efe585620aa7 (origin/main)
 > git config core.sparsecheckout # timeout=10
 > git checkout -f d30034d25dbb7f28d4fac5cab928efe585620aa7 # timeout=10
Commit message: "Create Jenkinsfile"
[Pipeline] }
[Pipeline] // stage
[Pipeline] withEnv
[Pipeline] {
[Pipeline] stage
[Pipeline] { (Declarative: Tool Install)
[Pipeline] tool
[Pipeline] envVarsForTool
[Pipeline] }
[Pipeline] // stage
[Pipeline] withEnv
[Pipeline] {
[Pipeline] stage
[Pipeline] { (Build)
[Pipeline] tool
[Pipeline] envVarsForTool
[Pipeline] withEnv
[Pipeline] {
[Pipeline] git
The recommended git tool is: NONE
No credentials specified
 > git rev-parse --resolve-git-dir /var/lib/jenkins/workspace/inf335-prova1/.git # timeout=10
Fetching changes from the remote Git repository
 > git config remote.origin.url https://github.com/richardpinheiro89/prova1 # timeout=10
Fetching upstream changes from https://github.com/richardpinheiro89/prova1
 > git --version # timeout=10
 > git --version # 'git version 2.32.0'
 > git fetch --tags --force --progress -- https://github.com/richardpinheiro89/prova1 +refs/heads/*:refs/remotes/origin/* # timeout=10
 > git rev-parse refs/remotes/origin/main^{commit} # timeout=10
Checking out Revision d30034d25dbb7f28d4fac5cab928efe585620aa7 (refs/remotes/origin/main)
 > git config core.sparsecheckout # timeout=10
 > git checkout -f d30034d25dbb7f28d4fac5cab928efe585620aa7 # timeout=10
 > git branch -a -v --no-abbrev # timeout=10
 > git branch -D main # timeout=10
 > git checkout -b main d30034d25dbb7f28d4fac5cab928efe585620aa7 # timeout=10
Commit message: "Create Jenkinsfile"
[Pipeline] sh
+ cd trabalho2
+ mvn -Dmaven.test.failure.ignore=true clean package
[INFO] Scanning for projects...
[INFO] 
[INFO] --------------< br.unicamp-ic.inf335.trabalho2:trabalho2 >--------------
[INFO] Building trabalho2 0.0.1-SNAPSHOT
[INFO] --------------------------------[ jar ]---------------------------------
[INFO] 
[INFO] --- maven-clean-plugin:3.1.0:clean (default-clean) @ trabalho2 ---
[INFO] Deleting /var/lib/jenkins/workspace/inf335-prova1/trabalho2/target
[INFO] 
[INFO] --- maven-resources-plugin:3.0.2:resources (default-resources) @ trabalho2 ---
[INFO] Using 'UTF-8' encoding to copy filtered resources.
[INFO] skip non existing resourceDirectory /var/lib/jenkins/workspace/inf335-prova1/trabalho2/src/main/resources
[INFO] 
[INFO] --- maven-compiler-plugin:3.8.0:compile (default-compile) @ trabalho2 ---
[INFO] Changes detected - recompiling the module!
[INFO] Compiling 3 source files to /var/lib/jenkins/workspace/inf335-prova1/trabalho2/target/classes
[INFO] 
[INFO] --- maven-resources-plugin:3.0.2:testResources (default-testResources) @ trabalho2 ---
[INFO] Using 'UTF-8' encoding to copy filtered resources.
[INFO] skip non existing resourceDirectory /var/lib/jenkins/workspace/inf335-prova1/trabalho2/src/test/resources
[INFO] 
[INFO] --- maven-compiler-plugin:3.8.0:testCompile (default-testCompile) @ trabalho2 ---
[INFO] Changes detected - recompiling the module!
[INFO] Compiling 3 source files to /var/lib/jenkins/workspace/inf335-prova1/trabalho2/target/test-classes
[INFO] 
[INFO] --- maven-surefire-plugin:2.22.1:test (default-test) @ trabalho2 ---
[INFO] 
[INFO] -------------------------------------------------------
[INFO]  T E S T S
[INFO] -------------------------------------------------------
[INFO] Running br.unicamp_ic.inf335.trabalho2.trabalho2.test.AnuncioBeanTest
3600.0
3280.0
2940.0
[INFO] Tests run: 3, Failures: 0, Errors: 0, Skipped: 0, Time elapsed: 0.099 s - in br.unicamp_ic.inf335.trabalho2.trabalho2.test.AnuncioBeanTest
[INFO] Running br.unicamp_ic.inf335.trabalho2.trabalho2.test.AnuncianteBeanTest
[INFO] Tests run: 2, Failures: 0, Errors: 0, Skipped: 0, Time elapsed: 0.001 s - in br.unicamp_ic.inf335.trabalho2.trabalho2.test.AnuncianteBeanTest
[INFO] Running br.unicamp_ic.inf335.trabalho2.trabalho2.test.ProdutoBeanTest
4000.0
4000.0
4100.0
4100.0
4200.0
4200.0
[INFO] Tests run: 3, Failures: 0, Errors: 0, Skipped: 0, Time elapsed: 0.001 s - in br.unicamp_ic.inf335.trabalho2.trabalho2.test.ProdutoBeanTest
[INFO] 
[INFO] Results:
[INFO] 
[INFO] Tests run: 8, Failures: 0, Errors: 0, Skipped: 0
[INFO] 
[INFO] 
[INFO] --- maven-jar-plugin:3.0.2:jar (default-jar) @ trabalho2 ---
[INFO] Building jar: /var/lib/jenkins/workspace/inf335-prova1/trabalho2/target/trabalho2-0.0.1-SNAPSHOT.jar
[INFO] ------------------------------------------------------------------------
[INFO] BUILD SUCCESS
[INFO] ------------------------------------------------------------------------
[INFO] Total time:  7.588 s
[INFO] Finished at: 2022-05-13T11:26:58-04:00
[INFO] ------------------------------------------------------------------------
Post stage
[Pipeline] junit
Recording test results
[Checks API] No suitable checks publisher found.
[Pipeline] archiveArtifacts
Archiving artifacts
[Pipeline] }
[Pipeline] // withEnv
[Pipeline] }
[Pipeline] // stage
[Pipeline] }
[Pipeline] // withEnv
[Pipeline] }
[Pipeline] // withEnv
[Pipeline] }
[Pipeline] // node
[Pipeline] End of Pipeline
Finished: SUCCESS
